<?xml version="1.0" encoding="UTF-8"?>
<coverage generated="1778473886196" clover="3.2.0">
  <project timestamp="1778473886197" name="All files">
    <metrics statements="2" coveredstatements="1" conditionals="3" coveredconditionals="1" methods="2" coveredmethods="1" elements="7" coveredelements="3" complexity="0" loc="2" ncloc="2" packages="1" files="1" classes="1"/>
    <file name="format.ts" path="C:\Users\Kaique Rinaldi\OneDrive\Documentos\Cursos\Anchieta\Algoritmos e Lógica de Programação\Projeto Pessoal\codefrontend\src\utils\format.ts">
      <metrics statements="2" coveredstatements="1" conditionals="3" coveredconditionals="1" methods="2" coveredmethods="1"/>
      <line num="2" count="1" type="stmt"/>
      <line num="10" count="0" type="stmt"/>
    </file>
  </project>
</coverage>
