{"C:\\Users\\Kaique Rinaldi\\OneDrive\\Documentos\\Cursos\\Anchieta\\Algoritmos e Lógica de Programação\\Projeto Pessoal\\codefrontend\\src\\utils\\format.ts": {"path":"C:\\Users\\Kaique Rinaldi\\OneDrive\\Documentos\\Cursos\\Anchieta\\Algoritmos e Lógica de Programação\\Projeto Pessoal\\codefrontend\\src\\utils\\format.ts","statementMap":{"0":{"start":{"line":2,"column":2},"end":{"line":6,"column":null}},"1":{"start":{"line":10,"column":2},"end":{"line":13,"column":null}}},"fnMap":{"0":{"name":"normalize","decl":{"start":{"line":1,"column":16},"end":{"line":1,"column":26}},"loc":{"start":{"line":1,"column":36},"end":{"line":6,"column":null}},"line":1},"1":{"name":"formatCurrency","decl":{"start":{"line":9,"column":16},"end":{"line":9,"column":31}},"loc":{"start":{"line":9,"column":47},"end":{"line":13,"column":null}},"line":9}},"branchMap":{"0":{"loc":{"start":{"line":1,"column":26},"end":{"line":1,"column":36}},"type":"default-arg","locations":[{"start":{"line":1,"column":32},"end":{"line":1,"column":36}}],"line":1},"1":{"loc":{"start":{"line":13,"column":12},"end":{"line":13,"column":31}},"type":"binary-expr","locations":[{"start":{"line":13,"column":12},"end":{"line":13,"column":25}},{"start":{"line":13,"column":29},"end":{"line":13,"column":31}}],"line":13}},"s":{"0":1,"1":0},"f":{"0":1,"1":0},"b":{"0":[1],"1":[0,0]},"meta":{"lastBranch":2,"lastFunction":2,"lastStatement":2,"seen":{"f:1:16:1:26":0,"b:1:32:1:36":0,"s:2:2:6:Infinity":0,"f:9:16:9:31":1,"s:10:2:13:Infinity":1,"b:13:12:13:25:13:29:13:31":1}}}
}
